{"D:\\projetos\\pokedex-cicd\\pokedex.js": {"path":"D:\\projetos\\pokedex-cicd\\pokedex.js","all":false,"statementMap":{"0":{"start":{"line":1,"column":0},"end":{"line":1,"column":34}},"1":{"start":{"line":2,"column":0},"end":{"line":2,"column":0}},"2":{"start":{"line":3,"column":0},"end":{"line":3,"column":86}},"3":{"start":{"line":4,"column":0},"end":{"line":4,"column":0}},"4":{"start":{"line":5,"column":0},"end":{"line":5,"column":26}},"5":{"start":{"line":6,"column":0},"end":{"line":6,"column":19}},"6":{"start":{"line":7,"column":0},"end":{"line":7,"column":2}},"7":{"start":{"line":8,"column":0},"end":{"line":8,"column":0}},"8":{"start":{"line":9,"column":0},"end":{"line":9,"column":40}},"9":{"start":{"line":10,"column":0},"end":{"line":10,"column":28}},"10":{"start":{"line":11,"column":0},"end":{"line":11,"column":53}},"11":{"start":{"line":12,"column":0},"end":{"line":12,"column":0}},"12":{"start":{"line":13,"column":0},"end":{"line":13,"column":20}},"13":{"start":{"line":14,"column":0},"end":{"line":14,"column":2}}},"s":{"0":1,"1":1,"2":1,"3":1,"4":1,"5":1,"6":1,"7":1,"8":1,"9":1,"10":1,"11":1,"12":1,"13":1},"branchMap":{"0":{"type":"branch","line":5,"loc":{"start":{"line":5,"column":19},"end":{"line":7,"column":2}},"locations":[{"start":{"line":5,"column":19},"end":{"line":7,"column":2}}]},"1":{"type":"branch","line":9,"loc":{"start":{"line":9,"column":23},"end":{"line":14,"column":2}},"locations":[{"start":{"line":9,"column":23},"end":{"line":14,"column":2}}]},"2":{"type":"branch","line":11,"loc":{"start":{"line":11,"column":17},"end":{"line":11,"column":51}},"locations":[{"start":{"line":11,"column":17},"end":{"line":11,"column":51}}]}},"b":{"0":[1],"1":[1],"2":[3]},"fnMap":{"0":{"name":"all","decl":{"start":{"line":5,"column":19},"end":{"line":7,"column":2}},"loc":{"start":{"line":5,"column":19},"end":{"line":7,"column":2}},"line":5},"1":{"name":"byType","decl":{"start":{"line":9,"column":23},"end":{"line":14,"column":2}},"loc":{"start":{"line":9,"column":23},"end":{"line":14,"column":2}},"line":9}},"f":{"0":1,"1":1}}
}
